<?xml version="1.0" encoding="UTF-8"?>
<!-- Generated by org.testng.reporters.JUnitXMLReporter -->
<testsuite hostname="LAPTOP-KOTTQC5D" name="TestRegister" tests="9" failures="0" timestamp="21 Jul 2016 08:53:14 GMT" time="9.773" errors="0">
  <testcase name="testDataSource" time="0.19" classname="cn.com.digiwin.justsharecloud.testCases.register.cases.TestRegister"/>
  <testcase name="testSourceSystem" time="0.042" classname="cn.com.digiwin.justsharecloud.testCases.register.cases.TestRegister"/>
  <testcase name="testRegisterSuccess" time="1.802" classname="cn.com.digiwin.justsharecloud.testCases.register.cases.TestRegister"/>
  <testcase name="testRegisterSuccess" time="1.317" classname="cn.com.digiwin.justsharecloud.testCases.register.cases.TestRegister"/>
  <testcase name="testRegisterSuccess" time="1.3" classname="cn.com.digiwin.justsharecloud.testCases.register.cases.TestRegister"/>
  <testcase name="testRegisterSuccess" time="1.672" classname="cn.com.digiwin.justsharecloud.testCases.register.cases.TestRegister"/>
  <testcase name="testRegisterSuccess" time="1.457" classname="cn.com.digiwin.justsharecloud.testCases.register.cases.TestRegister"/>
  <testcase name="testRegisterSuccess" time="1.491" classname="cn.com.digiwin.justsharecloud.testCases.register.cases.TestRegister"/>
  <testcase name="testRepeatRegisterData" time="0.265" classname="cn.com.digiwin.justsharecloud.testCases.register.cases.TestRegister"/>
</testsuite> <!-- TestRegister -->
