<?xml version="1.0" encoding="UTF-8"?>
<!-- Generated by org.testng.reporters.JUnitXMLReporter -->
<testsuite hostname="LAPTOP-KOTTQC5D" name="TestGetAccountStatus" tests="8" failures="0" timestamp="21 Jul 2016 08:53:14 GMT" time="0.742" errors="0">
  <testcase name="Inactivated" time="0.063" classname="cn.com.digiwin.justsharecloud.testCases.getAccountStatus.cases.TestGetAccountStatus"/>
  <testcase name="Activated" time="0.087" classname="cn.com.digiwin.justsharecloud.testCases.getAccountStatus.cases.TestGetAccountStatus"/>
  <testcase name="testGetAccountStatusFail" time="0.086" classname="cn.com.digiwin.justsharecloud.testCases.getAccountStatus.cases.TestGetAccountStatus"/>
  <testcase name="testGetAccountStatusFail" time="0.053" classname="cn.com.digiwin.justsharecloud.testCases.getAccountStatus.cases.TestGetAccountStatus"/>
  <testcase name="testGetAccountStatusFail" time="0.049" classname="cn.com.digiwin.justsharecloud.testCases.getAccountStatus.cases.TestGetAccountStatus"/>
  <testcase name="testGetAccountStatusFail" time="0.052" classname="cn.com.digiwin.justsharecloud.testCases.getAccountStatus.cases.TestGetAccountStatus"/>
  <testcase name="testGetAccountStatusFail" time="0.044" classname="cn.com.digiwin.justsharecloud.testCases.getAccountStatus.cases.TestGetAccountStatus"/>
  <testcase name="testGetAccountStatusFail" time="0.043" classname="cn.com.digiwin.justsharecloud.testCases.getAccountStatus.cases.TestGetAccountStatus"/>
</testsuite> <!-- TestGetAccountStatus -->
