<?xml version="1.0" encoding="UTF-8"?>
<!-- Generated by org.testng.reporters.JUnitXMLReporter -->
<testsuite hostname="LAPTOP-KOTTQC5D" name="TestLogin" tests="17" failures="0" timestamp="21 Jul 2016 08:53:17 GMT" time="1.632" errors="0">
  <testcase name="testDataSource" time="0.051" classname="cn.com.digiwin.justsharecloud.testCases.login.cases.TestLogin"/>
  <testcase name="testLoginFail" time="0.042" classname="cn.com.digiwin.justsharecloud.testCases.login.cases.TestLogin"/>
  <testcase name="testLoginFail" time="0.046" classname="cn.com.digiwin.justsharecloud.testCases.login.cases.TestLogin"/>
  <testcase name="testLoginFail" time="0.056" classname="cn.com.digiwin.justsharecloud.testCases.login.cases.TestLogin"/>
  <testcase name="testLoginFail" time="0.042" classname="cn.com.digiwin.justsharecloud.testCases.login.cases.TestLogin"/>
  <testcase name="testLoginFail" time="0.049" classname="cn.com.digiwin.justsharecloud.testCases.login.cases.TestLogin"/>
  <testcase name="testLoginFail" time="0.057" classname="cn.com.digiwin.justsharecloud.testCases.login.cases.TestLogin"/>
  <testcase name="testLoginFail" time="0.049" classname="cn.com.digiwin.justsharecloud.testCases.login.cases.TestLogin"/>
  <testcase name="testLoginFail" time="0.043" classname="cn.com.digiwin.justsharecloud.testCases.login.cases.TestLogin"/>
  <testcase name="testLoginFail" time="0.307" classname="cn.com.digiwin.justsharecloud.testCases.login.cases.TestLogin"/>
  <testcase name="testLoginFail" time="0.09" classname="cn.com.digiwin.justsharecloud.testCases.login.cases.TestLogin"/>
  <testcase name="testLoginFail" time="0.055" classname="cn.com.digiwin.justsharecloud.testCases.login.cases.TestLogin"/>
  <testcase name="testLoginFail" time="0.069" classname="cn.com.digiwin.justsharecloud.testCases.login.cases.TestLogin"/>
  <testcase name="testLoginSuccess" time="0.104" classname="cn.com.digiwin.justsharecloud.testCases.login.cases.TestLogin"/>
  <testcase name="testLoginSuccess" time="0.155" classname="cn.com.digiwin.justsharecloud.testCases.login.cases.TestLogin"/>
  <testcase name="testLoginSuccess" time="0.114" classname="cn.com.digiwin.justsharecloud.testCases.login.cases.TestLogin"/>
  <testcase name="testLoginSuccess" time="0.108" classname="cn.com.digiwin.justsharecloud.testCases.login.cases.TestLogin"/>
</testsuite> <!-- TestLogin -->
