<?xml version="1.0" encoding="UTF-8"?>
<!-- Generated by org.testng.reporters.JUnitXMLReporter -->
<testsuite hostname="LAPTOP-KOTTQC5D" name="TestGetTokenList" tests="3" failures="0" timestamp="21 Jul 2016 08:53:20 GMT" time="0.252" errors="0">
  <testcase name="testGetTokenListFail" time="0.048" classname="cn.com.digiwin.justsharecloud.testCases.getTokenList.cases.TestGetTokenList"/>
  <testcase name="testGetTokenListFail" time="0.043" classname="cn.com.digiwin.justsharecloud.testCases.getTokenList.cases.TestGetTokenList"/>
  <testcase name="testGetTokenListSuccess" time="0.042" classname="cn.com.digiwin.justsharecloud.testCases.getTokenList.cases.TestGetTokenList"/>
</testsuite> <!-- TestGetTokenList -->
