<?xml version="1.0" encoding="UTF-8"?>
<!-- Generated by org.testng.reporters.JUnitXMLReporter -->
<testsuite hostname="LAPTOP-KOTTQC5D" name="TestGetSmsVerifyCode" tests="3" failures="0" timestamp="21 Jul 2016 08:53:15 GMT" time="0.959" errors="0">
  <testcase name="all" time="0.77" classname="cn.com.digiwin.justsharecloud.testCases.getSmsVerifyCode.cases.TestGetSmsVerifyCode"/>
  <testcase name="all" time="0.044" classname="cn.com.digiwin.justsharecloud.testCases.getSmsVerifyCode.cases.TestGetSmsVerifyCode"/>
  <testcase name="all" time="0.145" classname="cn.com.digiwin.justsharecloud.testCases.getSmsVerifyCode.cases.TestGetSmsVerifyCode"/>
</testsuite> <!-- TestGetSmsVerifyCode -->
