<?xml version="1.0" encoding="UTF-8"?>
<!-- Generated by org.testng.reporters.JUnitXMLReporter -->
<testsuite hostname="LAPTOP-KOTTQC5D" name="usersystem.interface_autotest" tests="46" failures="0" timestamp="18 Jul 2016 09:58:28 GMT" time="16.488" errors="0">
  <testcase name="testDataSource" time="0.287" classname="cn.com.digiwin.justsharecloud.testCases.register.cases.TestRegister"/>
  <testcase name="testSourceSystem" time="0.045" classname="cn.com.digiwin.justsharecloud.testCases.register.cases.TestRegister"/>
  <testcase name="testRegisterSuccess" time="2.52" classname="cn.com.digiwin.justsharecloud.testCases.register.cases.TestRegister"/>
  <testcase name="testRegisterSuccess" time="1.462" classname="cn.com.digiwin.justsharecloud.testCases.register.cases.TestRegister"/>
  <testcase name="testRegisterSuccess" time="1.426" classname="cn.com.digiwin.justsharecloud.testCases.register.cases.TestRegister"/>
  <testcase name="testRegisterSuccess" time="1.392" classname="cn.com.digiwin.justsharecloud.testCases.register.cases.TestRegister"/>
  <testcase name="testRegisterSuccess" time="1.536" classname="cn.com.digiwin.justsharecloud.testCases.register.cases.TestRegister"/>
  <testcase name="testRegisterSuccess" time="1.345" classname="cn.com.digiwin.justsharecloud.testCases.register.cases.TestRegister"/>
  <testcase name="testRepeatRegisterData" time="0.277" classname="cn.com.digiwin.justsharecloud.testCases.register.cases.TestRegister"/>
  <testcase name="Inactivated" time="0.045" classname="cn.com.digiwin.justsharecloud.testCases.getAccountStatus.cases.TestGetAccountStatus"/>
  <testcase name="Activated" time="0.088" classname="cn.com.digiwin.justsharecloud.testCases.getAccountStatus.cases.TestGetAccountStatus"/>
  <testcase name="testGetAccountStatusFail" time="0.093" classname="cn.com.digiwin.justsharecloud.testCases.getAccountStatus.cases.TestGetAccountStatus"/>
  <testcase name="testGetAccountStatusFail" time="0.047" classname="cn.com.digiwin.justsharecloud.testCases.getAccountStatus.cases.TestGetAccountStatus"/>
  <testcase name="testGetAccountStatusFail" time="0.046" classname="cn.com.digiwin.justsharecloud.testCases.getAccountStatus.cases.TestGetAccountStatus"/>
  <testcase name="testGetAccountStatusFail" time="0.049" classname="cn.com.digiwin.justsharecloud.testCases.getAccountStatus.cases.TestGetAccountStatus"/>
  <testcase name="testGetAccountStatusFail" time="0.051" classname="cn.com.digiwin.justsharecloud.testCases.getAccountStatus.cases.TestGetAccountStatus"/>
  <testcase name="testGetAccountStatusFail" time="0.046" classname="cn.com.digiwin.justsharecloud.testCases.getAccountStatus.cases.TestGetAccountStatus"/>
  <testcase name="all" time="0.391" classname="cn.com.digiwin.justsharecloud.testCases.getSmsVerifyCode.cases.TestGetSmsVerifyCode"/>
  <testcase name="all" time="0.043" classname="cn.com.digiwin.justsharecloud.testCases.getSmsVerifyCode.cases.TestGetSmsVerifyCode"/>
  <testcase name="all" time="0.144" classname="cn.com.digiwin.justsharecloud.testCases.getSmsVerifyCode.cases.TestGetSmsVerifyCode"/>
  <testcase name="testDataSource" time="0.047" classname="cn.com.digiwin.justsharecloud.testCases.login.cases.TestLogin"/>
  <testcase name="testLoginFail" time="0.044" classname="cn.com.digiwin.justsharecloud.testCases.login.cases.TestLogin"/>
  <testcase name="testLoginFail" time="0.048" classname="cn.com.digiwin.justsharecloud.testCases.login.cases.TestLogin"/>
  <testcase name="testLoginFail" time="0.047" classname="cn.com.digiwin.justsharecloud.testCases.login.cases.TestLogin"/>
  <testcase name="testLoginFail" time="0.048" classname="cn.com.digiwin.justsharecloud.testCases.login.cases.TestLogin"/>
  <testcase name="testLoginFail" time="0.051" classname="cn.com.digiwin.justsharecloud.testCases.login.cases.TestLogin"/>
  <testcase name="testLoginFail" time="0.045" classname="cn.com.digiwin.justsharecloud.testCases.login.cases.TestLogin"/>
  <testcase name="testLoginFail" time="0.046" classname="cn.com.digiwin.justsharecloud.testCases.login.cases.TestLogin"/>
  <testcase name="testLoginFail" time="0.044" classname="cn.com.digiwin.justsharecloud.testCases.login.cases.TestLogin"/>
  <testcase name="testLoginFail" time="0.045" classname="cn.com.digiwin.justsharecloud.testCases.login.cases.TestLogin"/>
  <testcase name="testLoginFail" time="0.043" classname="cn.com.digiwin.justsharecloud.testCases.login.cases.TestLogin"/>
  <testcase name="testLoginFail" time="0.044" classname="cn.com.digiwin.justsharecloud.testCases.login.cases.TestLogin"/>
  <testcase name="testLoginFail" time="0.046" classname="cn.com.digiwin.justsharecloud.testCases.login.cases.TestLogin"/>
  <testcase name="testLoginSuccess" time="0.134" classname="cn.com.digiwin.justsharecloud.testCases.login.cases.TestLogin"/>
  <testcase name="testLoginSuccess" time="0.095" classname="cn.com.digiwin.justsharecloud.testCases.login.cases.TestLogin"/>
  <testcase name="testLoginSuccess" time="0.109" classname="cn.com.digiwin.justsharecloud.testCases.login.cases.TestLogin"/>
  <testcase name="testLoginSuccess" time="0.115" classname="cn.com.digiwin.justsharecloud.testCases.login.cases.TestLogin"/>
  <testcase name="testCompantRegisterSuccess" time="1.986" classname="cn.com.digiwin.justsharecloud.testCases.companyRegister.cases.TestCompanyRegister"/>
  <testcase name="testGetLoginStatusFail" time="0.044" classname="cn.com.digiwin.justsharecloud.testCases.getLoginStatus.cases.TestGetLoginStatus"/>
  <testcase name="testGetLoginStatusFail" time="0.053" classname="cn.com.digiwin.justsharecloud.testCases.getLoginStatus.cases.TestGetLoginStatus"/>
  <testcase name="testGetLoginStatusFail" time="0.044" classname="cn.com.digiwin.justsharecloud.testCases.getLoginStatus.cases.TestGetLoginStatus"/>
  <testcase name="testGetLoginStatusFail" time="0.043" classname="cn.com.digiwin.justsharecloud.testCases.getLoginStatus.cases.TestGetLoginStatus"/>
  <testcase name="testGetLoginStatusSuccess" time="0.091" classname="cn.com.digiwin.justsharecloud.testCases.getLoginStatus.cases.TestGetLoginStatus"/>
  <testcase name="testGetTokenListFail" time="0.054" classname="cn.com.digiwin.justsharecloud.testCases.getTokenList.cases.TestGetTokenList"/>
  <testcase name="testGetTokenListFail" time="0.042" classname="cn.com.digiwin.justsharecloud.testCases.getTokenList.cases.TestGetTokenList"/>
  <testcase name="testGetTokenListSuccess" time="0.048" classname="cn.com.digiwin.justsharecloud.testCases.getTokenList.cases.TestGetTokenList"/>
</testsuite> <!-- usersystem.interface_autotest -->
