<?xml version="1.0" encoding="UTF-8"?>
<!-- Generated by org.testng.reporters.JUnitXMLReporter -->
<testsuite hostname="LAPTOP-KOTTQC5D" name="Default test" tests="81" failures="1" timestamp="11 Jul 2016 07:35:25 GMT" time="13.535" errors="0">
  <testcase name="pressureTest" time="0.317" classname="cn.com.digiwin.justsharecloud.testCases.login.cases.TestLogin"/>
  <testcase name="pressureTest" time="0.114" classname="cn.com.digiwin.justsharecloud.testCases.login.cases.TestLogin"/>
  <testcase name="pressureTest" time="0.185" classname="cn.com.digiwin.justsharecloud.testCases.login.cases.TestLogin"/>
  <testcase name="pressureTest" time="0.139" classname="cn.com.digiwin.justsharecloud.testCases.login.cases.TestLogin"/>
  <testcase name="pressureTest" time="0.212" classname="cn.com.digiwin.justsharecloud.testCases.login.cases.TestLogin"/>
  <testcase name="pressureTest" time="0.139" classname="cn.com.digiwin.justsharecloud.testCases.login.cases.TestLogin"/>
  <testcase name="pressureTest" time="0.152" classname="cn.com.digiwin.justsharecloud.testCases.login.cases.TestLogin"/>
  <testcase name="pressureTest" time="0.195" classname="cn.com.digiwin.justsharecloud.testCases.login.cases.TestLogin"/>
  <testcase name="pressureTest" time="0.138" classname="cn.com.digiwin.justsharecloud.testCases.login.cases.TestLogin"/>
  <testcase name="pressureTest" time="0.112" classname="cn.com.digiwin.justsharecloud.testCases.login.cases.TestLogin"/>
  <testcase name="pressureTest" time="0.211" classname="cn.com.digiwin.justsharecloud.testCases.login.cases.TestLogin"/>
  <testcase name="pressureTest" time="0.119" classname="cn.com.digiwin.justsharecloud.testCases.login.cases.TestLogin"/>
  <testcase name="pressureTest" time="0.131" classname="cn.com.digiwin.justsharecloud.testCases.login.cases.TestLogin"/>
  <testcase name="pressureTest" time="0.202" classname="cn.com.digiwin.justsharecloud.testCases.login.cases.TestLogin"/>
  <testcase name="pressureTest" time="0.212" classname="cn.com.digiwin.justsharecloud.testCases.login.cases.TestLogin"/>
  <testcase name="pressureTest" time="0.122" classname="cn.com.digiwin.justsharecloud.testCases.login.cases.TestLogin"/>
  <testcase name="pressureTest" time="0.14" classname="cn.com.digiwin.justsharecloud.testCases.login.cases.TestLogin"/>
  <testcase name="pressureTest" time="0.114" classname="cn.com.digiwin.justsharecloud.testCases.login.cases.TestLogin"/>
  <testcase name="pressureTest" time="0.204" classname="cn.com.digiwin.justsharecloud.testCases.login.cases.TestLogin"/>
  <testcase name="pressureTest" time="0.174" classname="cn.com.digiwin.justsharecloud.testCases.login.cases.TestLogin"/>
  <testcase name="pressureTest" time="0.149" classname="cn.com.digiwin.justsharecloud.testCases.login.cases.TestLogin"/>
  <testcase name="pressureTest" time="0.177" classname="cn.com.digiwin.justsharecloud.testCases.login.cases.TestLogin"/>
  <testcase name="pressureTest" time="0.185" classname="cn.com.digiwin.justsharecloud.testCases.login.cases.TestLogin"/>
  <testcase name="pressureTest" time="0.132" classname="cn.com.digiwin.justsharecloud.testCases.login.cases.TestLogin"/>
  <testcase name="pressureTest" time="0.203" classname="cn.com.digiwin.justsharecloud.testCases.login.cases.TestLogin"/>
  <testcase name="pressureTest" time="0.138" classname="cn.com.digiwin.justsharecloud.testCases.login.cases.TestLogin"/>
  <testcase name="pressureTest" time="0.219" classname="cn.com.digiwin.justsharecloud.testCases.login.cases.TestLogin"/>
  <testcase name="pressureTest" time="0.142" classname="cn.com.digiwin.justsharecloud.testCases.login.cases.TestLogin"/>
  <testcase name="pressureTest" time="0.155" classname="cn.com.digiwin.justsharecloud.testCases.login.cases.TestLogin"/>
  <testcase name="pressureTest" time="0.199" classname="cn.com.digiwin.justsharecloud.testCases.login.cases.TestLogin"/>
  <testcase name="pressureTest" time="0.151" classname="cn.com.digiwin.justsharecloud.testCases.login.cases.TestLogin"/>
  <testcase name="pressureTest" time="0.115" classname="cn.com.digiwin.justsharecloud.testCases.login.cases.TestLogin"/>
  <testcase name="pressureTest" time="0.183" classname="cn.com.digiwin.justsharecloud.testCases.login.cases.TestLogin"/>
  <testcase name="pressureTest" time="0.142" classname="cn.com.digiwin.justsharecloud.testCases.login.cases.TestLogin"/>
  <testcase name="pressureTest" time="0.148" classname="cn.com.digiwin.justsharecloud.testCases.login.cases.TestLogin"/>
  <testcase name="pressureTest" time="0.113" classname="cn.com.digiwin.justsharecloud.testCases.login.cases.TestLogin"/>
  <testcase name="pressureTest" time="0.187" classname="cn.com.digiwin.justsharecloud.testCases.login.cases.TestLogin"/>
  <testcase name="pressureTest" time="0.192" classname="cn.com.digiwin.justsharecloud.testCases.login.cases.TestLogin"/>
  <testcase name="pressureTest" time="0.211" classname="cn.com.digiwin.justsharecloud.testCases.login.cases.TestLogin"/>
  <testcase name="pressureTest" time="0.135" classname="cn.com.digiwin.justsharecloud.testCases.login.cases.TestLogin"/>
  <testcase name="pressureTest" time="0.207" classname="cn.com.digiwin.justsharecloud.testCases.login.cases.TestLogin"/>
  <testcase name="pressureTest" time="0.135" classname="cn.com.digiwin.justsharecloud.testCases.login.cases.TestLogin"/>
  <testcase name="pressureTest" time="0.184" classname="cn.com.digiwin.justsharecloud.testCases.login.cases.TestLogin"/>
  <testcase name="pressureTest" time="0.138" classname="cn.com.digiwin.justsharecloud.testCases.login.cases.TestLogin"/>
  <testcase name="pressureTest" time="0.186" classname="cn.com.digiwin.justsharecloud.testCases.login.cases.TestLogin"/>
  <testcase name="pressureTest" time="0.116" classname="cn.com.digiwin.justsharecloud.testCases.login.cases.TestLogin"/>
  <testcase name="pressureTest" time="0.156" classname="cn.com.digiwin.justsharecloud.testCases.login.cases.TestLogin"/>
  <testcase name="pressureTest" time="0.175" classname="cn.com.digiwin.justsharecloud.testCases.login.cases.TestLogin"/>
  <testcase name="pressureTest" time="0.145" classname="cn.com.digiwin.justsharecloud.testCases.login.cases.TestLogin"/>
  <testcase name="pressureTest" time="0.204" classname="cn.com.digiwin.justsharecloud.testCases.login.cases.TestLogin"/>
  <testcase name="pressureTest" time="0.124" classname="cn.com.digiwin.justsharecloud.testCases.login.cases.TestLogin"/>
  <testcase name="pressureTest" time="0.172" classname="cn.com.digiwin.justsharecloud.testCases.login.cases.TestLogin"/>
  <testcase name="pressureTest" time="0.129" classname="cn.com.digiwin.justsharecloud.testCases.login.cases.TestLogin"/>
  <testcase name="pressureTest" time="0.197" classname="cn.com.digiwin.justsharecloud.testCases.login.cases.TestLogin"/>
  <testcase name="pressureTest" time="0.133" classname="cn.com.digiwin.justsharecloud.testCases.login.cases.TestLogin"/>
  <testcase name="pressureTest" time="0.135" classname="cn.com.digiwin.justsharecloud.testCases.login.cases.TestLogin"/>
  <testcase name="pressureTest" time="0.208" classname="cn.com.digiwin.justsharecloud.testCases.login.cases.TestLogin"/>
  <testcase name="pressureTest" time="0.141" classname="cn.com.digiwin.justsharecloud.testCases.login.cases.TestLogin"/>
  <testcase name="pressureTest" time="0.121" classname="cn.com.digiwin.justsharecloud.testCases.login.cases.TestLogin"/>
  <testcase name="pressureTest" time="0.196" classname="cn.com.digiwin.justsharecloud.testCases.login.cases.TestLogin"/>
  <testcase name="pressureTest" time="0.188" classname="cn.com.digiwin.justsharecloud.testCases.login.cases.TestLogin"/>
  <testcase name="pressureTest" time="0.115" classname="cn.com.digiwin.justsharecloud.testCases.login.cases.TestLogin"/>
  <testcase name="pressureTest" time="0.191" classname="cn.com.digiwin.justsharecloud.testCases.login.cases.TestLogin"/>
  <testcase name="pressureTest" time="0.171" classname="cn.com.digiwin.justsharecloud.testCases.login.cases.TestLogin"/>
  <testcase name="pressureTest" time="0.126" classname="cn.com.digiwin.justsharecloud.testCases.login.cases.TestLogin"/>
  <testcase name="pressureTest" time="0.197" classname="cn.com.digiwin.justsharecloud.testCases.login.cases.TestLogin"/>
  <testcase name="pressureTest" time="0.123" classname="cn.com.digiwin.justsharecloud.testCases.login.cases.TestLogin"/>
  <testcase name="pressureTest" time="0.17" classname="cn.com.digiwin.justsharecloud.testCases.login.cases.TestLogin"/>
  <testcase name="pressureTest" time="0.158" classname="cn.com.digiwin.justsharecloud.testCases.login.cases.TestLogin"/>
  <testcase name="pressureTest" time="0.208" classname="cn.com.digiwin.justsharecloud.testCases.login.cases.TestLogin"/>
  <testcase name="pressureTest" time="0.22" classname="cn.com.digiwin.justsharecloud.testCases.login.cases.TestLogin"/>
  <testcase name="pressureTest" time="0.197" classname="cn.com.digiwin.justsharecloud.testCases.login.cases.TestLogin"/>
  <testcase name="pressureTest" time="0.128" classname="cn.com.digiwin.justsharecloud.testCases.login.cases.TestLogin"/>
  <testcase name="pressureTest" time="0.169" classname="cn.com.digiwin.justsharecloud.testCases.login.cases.TestLogin"/>
  <testcase name="pressureTest" time="0.149" classname="cn.com.digiwin.justsharecloud.testCases.login.cases.TestLogin"/>
  <testcase name="pressureTest" time="0.191" classname="cn.com.digiwin.justsharecloud.testCases.login.cases.TestLogin"/>
  <testcase name="pressureTest" time="0.147" classname="cn.com.digiwin.justsharecloud.testCases.login.cases.TestLogin"/>
  <testcase name="pressureTest" time="0.197" classname="cn.com.digiwin.justsharecloud.testCases.login.cases.TestLogin"/>
  <testcase name="pressureTest" time="0.146" classname="cn.com.digiwin.justsharecloud.testCases.login.cases.TestLogin"/>
  <testcase name="pressureTest" time="0.208" classname="cn.com.digiwin.justsharecloud.testCases.login.cases.TestLogin"/>
  <testcase name="pressureTest" time="0.002" classname="cn.com.digiwin.justsharecloud.testCases.login.cases.TestLogin">
    <failure type="java.lang.NumberFormatException" message="For input string: &amp;quot;&amp;quot;">
      <![CDATA[java.lang.NumberFormatException: For input string: ""
	at java.lang.NumberFormatException.forInputString(NumberFormatException.java:65)
	at java.lang.Integer.parseInt(Integer.java:504)
	at java.lang.Integer.parseInt(Integer.java:527)
	at cn.com.digiwin.justsharecloud.commonfunctions.ParamsParseInt.paramsParseInt(ParamsParseInt.java:6)
	at cn.com.digiwin.justsharecloud.testCases.login.cases.TestLogin.pressureTest(TestLogin.java:108)
	at sun.reflect.GeneratedMethodAccessor6.invoke(Unknown Source)
	at sun.reflect.DelegatingMethodAccessorImpl.invoke(DelegatingMethodAccessorImpl.java:43)
	at java.lang.reflect.Method.invoke(Method.java:606)
	at org.testng.internal.MethodInvocationHelper.invokeMethod(MethodInvocationHelper.java:84)
	at org.testng.internal.Invoker.invokeMethod(Invoker.java:714)
	at org.testng.internal.Invoker.invokeTestMethod(Invoker.java:901)
	at org.testng.internal.Invoker.invokeTestMethods(Invoker.java:1231)
	at org.testng.internal.TestMethodWorker.invokeTestMethods(TestMethodWorker.java:127)
	at org.testng.internal.TestMethodWorker.run(TestMethodWorker.java:111)
	at org.testng.TestRunner.privateRun(TestRunner.java:767)
	at org.testng.TestRunner.run(TestRunner.java:617)
	at org.testng.SuiteRunner.runTest(SuiteRunner.java:334)
	at org.testng.SuiteRunner.runSequentially(SuiteRunner.java:329)
	at org.testng.SuiteRunner.privateRun(SuiteRunner.java:291)
	at org.testng.SuiteRunner.run(SuiteRunner.java:240)
	at org.testng.SuiteRunnerWorker.runSuite(SuiteRunnerWorker.java:52)
	at org.testng.SuiteRunnerWorker.run(SuiteRunnerWorker.java:86)
	at org.testng.TestNG.runSuitesSequentially(TestNG.java:1224)
	at org.testng.TestNG.runSuitesLocally(TestNG.java:1149)
	at org.testng.TestNG.run(TestNG.java:1057)
	at org.testng.remote.RemoteTestNG.run(RemoteTestNG.java:111)
	at org.testng.remote.RemoteTestNG.initAndRun(RemoteTestNG.java:204)
	at org.testng.remote.RemoteTestNG.main(RemoteTestNG.java:175)
]]>
    </failure>
  </testcase> <!-- pressureTest -->
</testsuite> <!-- Default test -->
